Arguments: 
  /Volumes/SSD-PGU3/Users/kuwana/.nodebrew/node/v14.16.0/bin/node /usr/local/Cellar/yarn/1.22.10/libexec/bin/yarn.js init

PATH: 
  /Volumes/SSD-PGU3/Users/kuwana/dev/scripts/google-cloud-sdk/bin:/usr/local/Cellar/pyenv-virtualenv/1.1.5/shims:/Volumes/SSD-PGU3/Users/kuwana/.pyenv/shims:/Volumes/SSD-PGU3/Users/kuwana/.cargo/bin:/usr/local/bin:/usr/bin:/bin:/usr/sbin:/sbin:/usr/local/share/dotnet:~/.dotnet/tools:/Library/Apple/usr/bin:/Library/Frameworks/Mono.framework/Versions/Current/Commands:/usr/local/bin:/usr/local/heroku/bin:/Volumes/SSD-PGU3/Users/kuwana/.pyenv/bin:/Volumes/SSD-PGU3/Users/kuwana/.nodebrew/current/bin:/Volumes/SSD-PGU3/Users/kuwana/.phpenv/bin:/Volumes/SSD-PGU3/Users/kuwana/dev/bin:/Volumes/SSD-PGU3/Users/kuwana/.composer/vendor/bin:/Volumes/SSD-PGU3/Users/kuwana/pear/bin:/Volumes/SSD-PGU3/Users/kuwana/flutter/bin:/usr/local/opt/go/libexec/bin:/Volumes/SSD-PGU3/Users/kuwana/.go/bin:./node_modules/.bin

Yarn version: 
  1.22.10

Node version: 
  14.16.0

Platform: 
  darwin x64

Trace: 
  Error: canceled
      at Interface.<anonymous> (/usr/local/Cellar/yarn/1.22.10/libexec/lib/cli.js:137009:13)
      at Interface.emit (events.js:315:20)
      at Interface._ttyWrite (readline.js:875:16)
      at ReadStream.onkeypress (readline.js:213:10)
      at ReadStream.emit (events.js:315:20)
      at emitKeys (internal/readline/utils.js:345:14)
      at emitKeys.next (<anonymous>)
      at ReadStream.onData (readline.js:1144:36)
      at ReadStream.emit (events.js:315:20)
      at addChunk (internal/streams/readable.js:309:12)

npm manifest: 
  No manifest

yarn manifest: 
  No manifest

Lockfile: 
  No lockfile
